<?xml version="1.0" encoding="UTF-8"?>
<!-- Generated by org.testng.reporters.JUnitReportReporter -->
<testsuite hostname="PC323032" name="appiumDemo.AppiumDIV" tests="1" failures="0" timestamp="24 May 2016 07:51:20 GMT" time="30.877" errors="0">
  <testcase name="launchCalc" time="30.877" classname="appiumDemo.AppiumDIV"/>
</testsuite> <!-- appiumDemo.AppiumDIV -->
