<?xml version="1.0" encoding="UTF-8"?>
<!-- Generated by org.testng.reporters.JUnitReportReporter -->
<testsuite hostname="PC323032" name="appiumDemo.ConfigAppium" tests="1" failures="0" timestamp="24 May 2016 05:52:21 GMT" time="27.417" errors="0">
  <testcase name="launchCalc" time="27.417" classname="appiumDemo.ConfigAppium"/>
</testsuite> <!-- appiumDemo.ConfigAppium -->
